<?xml version="1.0" encoding="UTF-8"?>
<!-- Generated by org.testng.reporters.JUnitXMLReporter -->
<testsuite ignored="1" hostname="DESKTOP-FEH0GFE" failures="0" tests="1" name="Test" time="14.992" errors="0" timestamp="2021-09-12T16:14:00 EET">
  <testcase classname="maven.Epiphanie_Tutoring.Login" name="login" time="7.444"/>
  <testcase classname="maven.Epiphanie_Tutoring.Login" name="open_edit_profile_page" time="0.0">
    <ignored/>
  </testcase> <!-- open_edit_profile_page -->
</testsuite> <!-- Test -->
